\BOOKMARK [1][-]{section.1}{\376\377\000P\000r\000i\000m\000i\000t\000i\000v\000e\000\040\000g\000e\000o\000m\000e\000t\000r\000i\000c\000\040\000o\000b\000j\000e\000c\000t\000s}{}% 1
\BOOKMARK [2][-]{subsection.1.1}{\376\377\000A\000b\000s\000o\000l\000u\000t\000e\000\040\000p\000r\000o\000j\000e\000c\000t\000i\000v\000e\000\040\000O\000b\000j\000e\000c\000t\000s}{section.1}% 2
\BOOKMARK [3][-]{subsubsection.1.1.1}{\376\377\000P\000o\000i\000n\000t}{subsection.1.1}% 3
\BOOKMARK [3][-]{subsubsection.1.1.2}{\376\377\000L\000i\000n\000e}{subsection.1.1}% 4
\BOOKMARK [3][-]{subsubsection.1.1.3}{\376\377\000C\000o\000n\000i\000c}{subsection.1.1}% 5
\BOOKMARK [3][-]{subsubsection.1.1.4}{\376\377\000T\000r\000a\000n\000s\000f\000o\000r\000m\000a\000t\000i\000o\000n}{subsection.1.1}% 6
\BOOKMARK [2][-]{subsection.1.2}{\376\377\000O\000b\000j\000e\000c\000t\000s\000\040\000d\000e\000p\000e\000n\000d\000i\000n\000g\000\040\000o\000n\000\040\000a\000\040\000G\000e\000o\000m\000e\000t\000r\000y}{section.1}% 7
\BOOKMARK [3][-]{subsubsection.1.2.1}{\376\377\000G\000e\000o\000m\000e\000t\000r\000y}{subsection.1.2}% 8
\BOOKMARK [3][-]{subsubsection.1.2.2}{\376\377\000C\000i\000r\000c\000l\000e}{subsection.1.2}% 9
\BOOKMARK [3][-]{subsubsection.1.2.3}{\376\377\000S\000e\000g\000m\000e\000n\000t}{subsection.1.2}% 10
\BOOKMARK [3][-]{subsubsection.1.2.4}{\376\377\000P\000o\000l\000y\000g\000o\000n}{subsection.1.2}% 11
\BOOKMARK [3][-]{subsubsection.1.2.5}{\376\377\000A\000n\000g\000l\000e}{subsection.1.2}% 12
\BOOKMARK [3][-]{subsubsection.1.2.6}{\376\377\000D\000i\000s\000t\000a\000n\000c\000e}{subsection.1.2}% 13
\BOOKMARK [3][-]{subsubsection.1.2.7}{\376\377\000A\000r\000e\000a}{subsection.1.2}% 14
\BOOKMARK [1][-]{section.2}{\376\377\000P\000r\000i\000m\000i\000t\000i\000v\000e\000\040\000g\000e\000o\000m\000e\000t\000r\000i\000c\000\040\000o\000p\000e\000r\000a\000t\000i\000o\000n\000s}{}% 15
\BOOKMARK [2][-]{subsection.2.1}{\376\377\000A\000b\000s\000o\000l\000u\000t\000e\000\040\000p\000r\000o\000j\000e\000c\000t\000i\000v\000e\000\040\000O\000p\000e\000r\000a\000t\000i\000o\000n\000s}{section.2}% 16
\BOOKMARK [3][-]{subsubsection.2.1.1}{\376\377\000F\000r\000e\000e\000\040\000a\000n\000d\000\040\000s\000e\000m\000i\000f\000r\000e\000e\000\040\000o\000p\000e\000r\000a\000t\000i\000o\000n\000s}{subsection.2.1}% 17
\BOOKMARK [4][-]{subsubsubsection.2.1.1.1}{\376\377\000F\000r\000e\000e\000\040\000P\000o\000i\000n\000t}{subsubsection.2.1.1}% 18
\BOOKMARK [4][-]{subsubsubsection.2.1.1.2}{\376\377\000P\000o\000i\000n\000t\000\040\000o\000n\000\040\000L\000i\000n\000e}{subsubsection.2.1.1}% 19
\BOOKMARK [4][-]{subsubsubsection.2.1.1.3}{\376\377\000P\000o\000i\000n\000t\000\040\000o\000n\000\040\000C\000o\000n\000i\000c}{subsubsection.2.1.1}% 20
\BOOKMARK [4][-]{subsubsubsection.2.1.1.4}{\376\377\000P\000o\000i\000n\000t\000\040\000o\000n\000\040\000C\000u\000b\000i\000c}{subsubsection.2.1.1}% 21
\BOOKMARK [4][-]{subsubsubsection.2.1.1.5}{\376\377\000L\000i\000n\000e\000\040\000T\000h\000r\000o\000u\000g\000h\000\040\000a\000\040\000p\000o\000i\000n\000t}{subsubsection.2.1.1}% 22
\BOOKMARK [3][-]{subsubsection.2.1.2}{\376\377\000D\000e\000t\000e\000r\000m\000i\000n\000e\000d\000\040\000o\000p\000e\000r\000a\000t\000i\000o\000n\000s}{subsection.2.1}% 23
\BOOKMARK [4][-]{subsubsubsection.2.1.2.1}{\376\377\000J\000o\000i\000n\000\040\000P\000o\000i\000n\000t\000\040\000P\000o\000i\000n\000t}{subsubsection.2.1.2}% 24
\BOOKMARK [4][-]{subsubsubsection.2.1.2.2}{\376\377\000I\000n\000t\000e\000r\000e\000s\000e\000c\000t\000i\000o\000n\000\040\000L\000i\000n\000e\000\040\000L\000i\000n\000e}{subsubsection.2.1.2}% 25
\BOOKMARK [4][-]{subsubsubsection.2.1.2.3}{\376\377\000I\000n\000t\000e\000r\000s\000e\000c\000t\000i\000o\000n\000\040\000L\000i\000n\000e\000\040\000C\000o\000n\000i\000c}{subsubsection.2.1.2}% 26
\BOOKMARK [4][-]{subsubsubsection.2.1.2.4}{\376\377\000F\000i\000n\000d\000\040\000r\000o\000o\000t\000\040\000o\000f\000\040\000c\000u\000b\000i\000c\000\040\000p\000o\000l\000y\000n\000o\000m\000i\000a\000l}{subsubsection.2.1.2}% 27
\BOOKMARK [4][-]{subsubsubsection.2.1.2.5}{\376\377\000S\000p\000l\000i\000t\000\040\000a\000\040\000d\000e\000g\000e\000n\000e\000r\000a\000t\000e\000\040\000c\000o\000n\000i\000c\000\040\000i\000n\000\040\000t\000w\000o\000\040\000l\000i\000n\000e\000s}{subsubsection.2.1.2}% 28
\BOOKMARK [4][-]{subsubsubsection.2.1.2.6}{\376\377\000I\000n\000t\000e\000r\000s\000e\000c\000t\000i\000o\000n\000\040\000C\000o\000n\000i\000c\000\040\000C\000o\000n\000i\000c}{subsubsection.2.1.2}% 29
\BOOKMARK [4][-]{subsubsubsection.2.1.2.7}{\376\377\000I\000n\000t\000e\000r\000s\000e\000c\000t\000i\000o\000n\000\040\000C\000o\000n\000i\000c\000\040\000C\000o\000n\000i\000c\000\040\000w\000i\000t\000h\000\040\000t\000h\000r\000e\000e\000\040\000k\000n\000o\000w\000n\000\040\000p\000o\000i\000n\000t\000s}{subsubsection.2.1.2}% 30
\BOOKMARK [4][-]{subsubsubsection.2.1.2.8}{\376\377\000I\000n\000t\000e\000r\000s\000e\000c\000t\000i\000o\000n\000\040\000C\000o\000n\000i\000c\000\040\000C\000o\000n\000i\000c\000\040\000w\000i\000t\000h\000\040\000t\000h\000r\000e\000e\000\040\000k\000n\000o\000w\000n\000\040\000p\000o\000i\000n\000t\000s}{subsubsection.2.1.2}% 31
\BOOKMARK [4][-]{subsubsubsection.2.1.2.9}{\376\377\000I\000n\000t\000e\000r\000s\000e\000c\000t\000i\000o\000n\000\040\000L\000i\000n\000e\000\040\000C\000u\000b\000i\000c}{subsubsection.2.1.2}% 32
\BOOKMARK [4][-]{subsubsubsection.2.1.2.10}{\376\377\000I\000n\000t\000e\000r\000s\000e\000c\000t\000i\000o\000n\000\040\000C\000o\000n\000i\000c\000\040\000C\000u\000b\000i\000c}{subsubsection.2.1.2}% 33
\BOOKMARK [4][-]{subsubsubsection.2.1.2.11}{\376\377\000I\000n\000t\000e\000r\000s\000e\000c\000t\000i\000o\000n\000\040\000C\000u\000b\000i\000c\000\040\000C\000u\000b\000i\000c}{subsubsection.2.1.2}% 34
\BOOKMARK [4][-]{subsubsubsection.2.1.2.12}{\376\377\000C\000o\000n\000i\000c\000\040\000b\000y\000\040\000f\000i\000v\000e\000\040\000p\000o\000i\000n\000t\000s}{subsubsection.2.1.2}% 35
\BOOKMARK [4][-]{subsubsubsection.2.1.2.13}{\376\377\000P\000o\000l\000a\000r\000\040\000t\000o\000\040\000C\000o\000n\000i\000c\000\040\000f\000r\000o\000m\000\040\000P\000o\000i\000n\000t}{subsubsection.2.1.2}% 36
\BOOKMARK [4][-]{subsubsubsection.2.1.2.14}{\376\377\000P\000o\000l\000a\000r\000\040\000t\000o\000\040\000C\000o\000n\000i\000c\000\040\000f\000r\000o\000m\000\040\000L\000i\000n\000e}{subsubsection.2.1.2}% 37
\BOOKMARK [4][-]{subsubsubsection.2.1.2.15}{\376\377\000P\000o\000l\000a\000r\000\040\000L\000i\000n\000e\000\040\000t\000o\000\040\000C\000u\000b\000i\000c\000\040\000f\000r\000o\000m\000\040\000P\000o\000i\000n\000t}{subsubsection.2.1.2}% 38
\BOOKMARK [4][-]{subsubsubsection.2.1.2.16}{\376\377\000P\000o\000l\000a\000r\000\040\000C\000o\000n\000i\000c\000\040\000t\000o\000\040\000C\000u\000b\000i\000c\000\040\000f\000r\000o\000m\000\040\000P\000o\000i\000n\000t}{subsubsection.2.1.2}% 39
\BOOKMARK [4][-]{subsubsubsection.2.1.2.17}{\376\377\000C\000o\000n\000i\000c\000\040\000b\000y\000\040\0004\000\040\000P\000o\000i\000n\000t\000s\000\040\000a\000n\000d\000\040\0001\000\040\000L\000i\000n\000e}{subsubsection.2.1.2}% 40
\BOOKMARK [4][-]{subsubsubsection.2.1.2.18}{\376\377\000C\000o\000n\000i\000c\000\040\000b\000y\000\040\0004\000\040\000L\000i\000n\000e\000s\000\040\000a\000n\000d\000\040\0001\000\040\000P\000o\000i\000n\000t}{subsubsection.2.1.2}% 41
\BOOKMARK [4][-]{subsubsubsection.2.1.2.19}{\376\377\000C\000o\000n\000i\000c\000\040\000b\000y\000\040\0005\000\040\000L\000i\000n\000e\000s}{subsubsection.2.1.2}% 42
\BOOKMARK [4][-]{subsubsubsection.2.1.2.20}{\376\377\000P\000r\000o\000j\000e\000c\000t\000i\000v\000e\000\040\000t\000r\000a\000f\000o}{subsubsection.2.1.2}% 43
\BOOKMARK [4][-]{subsubsubsection.2.1.2.21}{\376\377\000C\000o\000m\000p\000o\000s\000i\000t\000i\000o\000n}{subsubsection.2.1.2}% 44
\BOOKMARK [4][-]{subsubsubsection.2.1.2.22}{\376\377\000I\000n\000v\000e\000r\000s\000e}{subsubsection.2.1.2}% 45
\BOOKMARK [4][-]{subsubsubsection.2.1.2.23}{\376\377\000T\000r\000a\000n\000s\000f\000o\000r\000m\000\040\000b\000y\000\040\000F\000u\000n\000c\000t\000i\000o\000n}{subsubsection.2.1.2}% 46
\BOOKMARK [4][-]{subsubsubsection.2.1.2.24}{\376\377\000I\000F\000S}{subsubsection.2.1.2}% 47
\BOOKMARK [4][-]{subsubsubsection.2.1.2.25}{\376\377\000L\000o\000c\000u\000s}{subsubsection.2.1.2}% 48
\BOOKMARK [4][-]{subsubsubsection.2.1.2.26}{\376\377\000A\000n\000i\000m\000a\000t\000i\000o\000n}{subsubsection.2.1.2}% 49
\BOOKMARK [4][-]{subsubsubsection.2.1.2.27}{\376\377\000M\000a\000p\000\040\000P\000o\000i\000n\000t\000\040\000b\000y\000\040\000T\000r\000a\000f\000o}{subsubsection.2.1.2}% 50
\BOOKMARK [4][-]{subsubsubsection.2.1.2.28}{\376\377\000M\000a\000p\000\040\000L\000i\000n\000e\000\040\000b\000y\000\040\000T\000r\000a\000f\000o}{subsubsection.2.1.2}% 51
\BOOKMARK [4][-]{subsubsubsection.2.1.2.29}{\376\377\000M\000a\000p\000\040\000C\000o\000n\000i\000c\000\040\000b\000y\000\040\000T\000r\000a\000f\000o}{subsubsection.2.1.2}% 52
\BOOKMARK [2][-]{subsection.2.2}{\376\377\000O\000p\000e\000r\000a\000t\000i\000o\000n\000s\000\040\000d\000e\000p\000e\000n\000d\000i\000n\000g\000\040\000o\000n\000\040\000a\000\040\000G\000e\000o\000m\000e\000t\000r\000y}{section.2}% 53
\BOOKMARK [3][-]{subsubsection.2.2.1}{\376\377\000F\000r\000e\000e\000\040\000a\000n\000d\000\040\000s\000e\000m\000i\000f\000r\000e\000e\000\040\000o\000p\000e\000r\000a\000t\000i\000o\000n\000s}{subsection.2.2}% 54
\BOOKMARK [4][-]{subsubsubsection.2.2.1.1}{\376\377\000P\000o\000i\000n\000t\000\040\000o\000n\000\040\000S\000e\000g\000m\000e\000n\000t}{subsubsection.2.2.1}% 55
\BOOKMARK [4][-]{subsubsubsection.2.2.1.2}{\376\377\000P\000o\000i\000n\000t\000\040\000o\000n\000\040\000C\000i\000r\000c\000l\000e}{subsubsection.2.2.1}% 56
\BOOKMARK [4][-]{subsubsubsection.2.2.1.3}{\376\377\000P\000o\000i\000n\000t\000\040\000o\000n\000\040\000A\000r\000c}{subsubsection.2.2.1}% 57
\BOOKMARK [3][-]{subsubsection.2.2.2}{\376\377\000D\000e\000t\000e\000r\000m\000i\000n\000e\000d\000\040\000o\000p\000e\000r\000a\000t\000i\000o\000n\000s}{subsection.2.2}% 58
\BOOKMARK [4][-]{subsubsubsection.2.2.2.1}{\376\377\000I\000n\000t\000e\000r\000s\000e\000c\000t\000i\000o\000n\000\040\000L\000i\000n\000e\000\040\000C\000i\000r\000c\000l\000e}{subsubsection.2.2.2}% 59
\BOOKMARK [4][-]{subsubsubsection.2.2.2.2}{\376\377\000I\000n\000t\000e\000r\000s\000e\000c\000t\000i\000o\000n\000\040\000C\000i\000r\000c\000l\000e\000\040\000C\000i\000r\000c\000l\000e}{subsubsection.2.2.2}% 60
\BOOKMARK [4][-]{subsubsubsection.2.2.2.3}{\376\377\000M\000i\000d\000p\000o\000i\000n\000t\000\040\000o\000f\000\040\000t\000w\000o\000\040\000p\000o\000i\000n\000t\000s}{subsubsection.2.2.2}% 61
\BOOKMARK [4][-]{subsubsubsection.2.2.2.4}{\376\377\000M\000i\000d\000p\000o\000i\000n\000t\000\040\000o\000f\000\040\000C\000u\000b\000i\000c}{subsubsection.2.2.2}% 62
\BOOKMARK [4][-]{subsubsubsection.2.2.2.5}{\376\377\000S\000e\000g\000m\000e\000n\000t\000\040\000b\000e\000t\000w\000e\000e\000n\000\040\000t\000w\000o\000\040\000p\000o\000i\000n\000t\000s}{subsubsection.2.2.2}% 63
\BOOKMARK [4][-]{subsubsubsection.2.2.2.6}{\376\377\000P\000a\000r\000a\000l\000l\000e\000l\000\040\000t\000h\000r\000o\000u\000g\000h\000\040\000P\000o\000i\000n\000t\000\040\000t\000o\000\040\000L\000i\000n\000e}{subsubsection.2.2.2}% 64
\BOOKMARK [4][-]{subsubsubsection.2.2.2.7}{\376\377\000O\000r\000t\000h\000o\000g\000o\000n\000a\000l\000\040\000t\000h\000r\000o\000u\000g\000h\000\040\000P\000o\000i\000n\000t\000\040\000t\000o\000\040\000L\000i\000n\000e}{subsubsection.2.2.2}% 65
\BOOKMARK [4][-]{subsubsubsection.2.2.2.8}{\376\377\000L\000i\000n\000e\000\040\000w\000i\000t\000h\000\040\000a\000n\000g\000l\000e\000\040\000A\000l\000p\000h\000a\000\040\000t\000o\000\040\000l\000i\000n\000e\000\040\000t\000h\000r\000o\000u\000g\000h\000\040\000p\000o\000i\000n\000t}{subsubsection.2.2.2}% 66
\BOOKMARK [4][-]{subsubsubsection.2.2.2.9}{\376\377\000A\000n\000g\000l\000e\000\040\000B\000i\000s\000e\000c\000t\000o\000r}{subsubsection.2.2.2}% 67
\BOOKMARK [4][-]{subsubsubsection.2.2.2.10}{\376\377\000C\000i\000r\000c\000l\000e\000\040\000w\000i\000t\000h\000\040\000m\000i\000d\000p\000o\000i\000n\000t\000\040\000a\000n\000d\000\040\000f\000r\000e\000e\000\040\000r\000a\000d\000i\000u\000s}{subsubsection.2.2.2}% 68
\BOOKMARK [4][-]{subsubsubsection.2.2.2.11}{\376\377\000C\000i\000r\000c\000l\000e\000\040\000w\000i\000t\000h\000\040\000M\000i\000d\000p\000o\000i\000n\000t\000\040\000a\000n\000d\000\040\000b\000o\000u\000n\000d\000a\000r\000y\000\040\000p\000o\000i\000n\000t}{subsubsection.2.2.2}% 69
\BOOKMARK [4][-]{subsubsubsection.2.2.2.12}{\376\377\000C\000i\000r\000c\000l\000e\000\040\000w\000i\000t\000h\000\040\000f\000i\000x\000e\000d\000\040\000n\000u\000m\000e\000r\000i\000c\000a\000l\000\040\000r\000a\000d\000i\000u\000s}{subsubsection.2.2.2}% 70
\BOOKMARK [4][-]{subsubsubsection.2.2.2.13}{\376\377\000C\000i\000r\000c\000l\000e\000\040\000l\000i\000k\000e\000\040\000C\000o\000m\000p\000a\000s\000s}{subsubsection.2.2.2}% 71
\BOOKMARK [4][-]{subsubsubsection.2.2.2.14}{\376\377\000C\000i\000r\000c\000l\000e\000\040\000b\000y\000\040\000T\000h\000r\000e\000e\000\040\000p\000o\000i\000n\000t\000s}{subsubsection.2.2.2}% 72
\BOOKMARK [4][-]{subsubsubsection.2.2.2.15}{\376\377\000A\000r\000c\000\040\000b\000y\000\040\000t\000h\000r\000e\000e\000\040\000p\000o\000i\000n\000t\000s}{subsubsection.2.2.2}% 73
\BOOKMARK [4][-]{subsubsubsection.2.2.2.16}{\376\377\000E\000l\000l\000i\000p\000s\000e\000\040\000f\000r\000o\000m\000\040\000F\000o\000c\000i\000\040\000a\000n\000d\000\040\000p\000e\000r\000i\000p\000h\000e\000r\000a\000l\000\040\000p\000o\000i\000n\000t}{subsubsection.2.2.2}% 74
\BOOKMARK [4][-]{subsubsubsection.2.2.2.17}{\376\377\000H\000y\000p\000e\000r\000b\000o\000l\000a\000\040\000f\000r\000o\000m\000\040\000F\000o\000c\000i\000\040\000a\000n\000d\000\040\000p\000e\000r\000i\000p\000h\000e\000r\000a\000l\000\040\000p\000o\000i\000n\000t}{subsubsection.2.2.2}% 75
\BOOKMARK [4][-]{subsubsubsection.2.2.2.18}{\376\377\000P\000a\000r\000a\000b\000o\000l\000a\000\040\000f\000r\000o\000m\000\040\000F\000o\000c\000u\000s\000\040\000a\000n\000d\000\040\000d\000i\000r\000e\000c\000t\000r\000i\000x}{subsubsection.2.2.2}% 76
\BOOKMARK [4][-]{subsubsubsection.2.2.2.19}{\376\377\000D\000i\000s\000t\000a\000n\000c\000e\000\040\000b\000e\000t\000w\000e\000e\000n\000\040\000t\000w\000o\000\040\000p\000o\000i\000n\000t\000s}{subsubsection.2.2.2}% 77
\BOOKMARK [4][-]{subsubsubsection.2.2.2.20}{\376\377\000A\000r\000e\000a\000\040\000o\000f\000\040\000p\000o\000l\000y\000g\000o\000n}{subsubsection.2.2.2}% 78
\BOOKMARK [4][-]{subsubsubsection.2.2.2.21}{\376\377\000A\000n\000g\000l\000e\000\040\000b\000e\000t\000w\000e\000e\000n\000\040\000t\000w\000o\000\040\000l\000i\000n\000e\000s}{subsubsection.2.2.2}% 79
\BOOKMARK [4][-]{subsubsubsection.2.2.2.22}{\376\377\000R\000e\000f\000l\000e\000c\000t\000\040\000P\000o\000i\000n\000t\000\040\000a\000t\000\040\000P\000o\000i\000n\000t}{subsubsection.2.2.2}% 80
\BOOKMARK [4][-]{subsubsubsection.2.2.2.23}{\376\377\000R\000e\000f\000l\000e\000c\000t\000\040\000P\000o\000i\000n\000t\000\040\000a\000t\000\040\000L\000i\000n\000e}{subsubsection.2.2.2}% 81
\BOOKMARK [4][-]{subsubsubsection.2.2.2.24}{\376\377\000R\000e\000f\000l\000e\000c\000t\000\040\000P\000o\000i\000n\000t\000\040\000a\000t\000\040\000C\000i\000r\000c\000l\000e}{subsubsection.2.2.2}% 82
\BOOKMARK [4][-]{subsubsubsection.2.2.2.25}{\376\377\000R\000e\000f\000l\000e\000c\000t\000\040\000L\000i\000n\000e\000\040\000a\000t\000\040\000P\000o\000i\000n\000t}{subsubsection.2.2.2}% 83
\BOOKMARK [4][-]{subsubsubsection.2.2.2.26}{\376\377\000R\000e\000f\000l\000e\000c\000t\000\040\000L\000i\000n\000e\000\040\000a\000t\000\040\000L\000i\000n\000e}{subsubsection.2.2.2}% 84
\BOOKMARK [4][-]{subsubsubsection.2.2.2.27}{\376\377\000R\000e\000f\000l\000e\000c\000t\000\040\000L\000i\000n\000e\000\040\000a\000t\000\040\000C\000i\000r\000c\000l\000e}{subsubsection.2.2.2}% 85
\BOOKMARK [4][-]{subsubsubsection.2.2.2.28}{\376\377\000R\000e\000f\000l\000e\000c\000t\000\040\000C\000i\000r\000c\000l\000e\000\040\000a\000t\000\040\000P\000o\000i\000n\000t}{subsubsection.2.2.2}% 86
\BOOKMARK [4][-]{subsubsubsection.2.2.2.29}{\376\377\000R\000e\000f\000l\000e\000c\000t\000\040\000C\000i\000r\000c\000l\000e\000\040\000a\000t\000\040\000L\000i\000n\000e}{subsubsection.2.2.2}% 87
\BOOKMARK [4][-]{subsubsubsection.2.2.2.30}{\376\377\000R\000e\000f\000l\000e\000c\000t\000\040\000C\000i\000r\000c\000l\000e\000\040\000a\000t\000\040\000C\000i\000r\000c\000l\000e}{subsubsection.2.2.2}% 88
\BOOKMARK [4][-]{subsubsubsection.2.2.2.31}{\376\377\000P\000o\000l\000y\000g\000o\000n}{subsubsection.2.2.2}% 89
\BOOKMARK [4][-]{subsubsubsection.2.2.2.32}{\376\377\000A\000n\000g\000l\000e\000\040\000M\000a\000r\000k}{subsubsection.2.2.2}% 90
\BOOKMARK [4][-]{subsubsubsection.2.2.2.33}{\376\377\000C\000o\000n\000i\000c\000\040\000i\000n\000s\000c\000r\000i\000b\000e\000d\000\040\000i\000n\000\040\0004\000\040\000G\000o\000n}{subsubsection.2.2.2}% 91
\BOOKMARK [4][-]{subsubsubsection.2.2.2.34}{\376\377\000C\000o\000n\000i\000c\000\040\000b\000y\000\040\000C\000e\000n\000t\000e\000r\000\040\000a\000n\000d\000\040\000P\000r\000i\000n\000c\000i\000p\000a\000l\000\040\000a\000x\000e\000s\000\040\000p\000o\000i\000n\000t\000s}{subsubsection.2.2.2}% 92
\BOOKMARK [4][-]{subsubsubsection.2.2.2.35}{\376\377\000R\000e\000g\000u\000l\000a\000r\000\040\000P\000o\000l\000y\000g\000o\000n\000s}{subsubsection.2.2.2}% 93
\BOOKMARK [4][-]{subsubsubsection.2.2.2.36}{\376\377\000R\000o\000t\000a\000t\000i\000o\000n\000\040\000P\000\040\000a\000n\000d\000\040\000A\000n\000g\000l\000e}{subsubsection.2.2.2}% 94
\BOOKMARK [4][-]{subsubsubsection.2.2.2.37}{\376\377\000R\000o\000t\000a\000t\000i\000o\000n\000\040\000L\000i\000n\000e\000\040\000t\000o\000\040\000L\000i\000n\000e}{subsubsection.2.2.2}% 95
\BOOKMARK [4][-]{subsubsubsection.2.2.2.38}{\376\377\000R\000e\000f\000l\000e\000c\000t\000i\000o\000n}{subsubsection.2.2.2}% 96
\BOOKMARK [4][-]{subsubsubsection.2.2.2.39}{\376\377\000T\000r\000a\000n\000s\000l\000a\000t\000i\000o\000n}{subsubsection.2.2.2}% 97
\BOOKMARK [4][-]{subsubsubsection.2.2.2.40}{\376\377\000S\000i\000m\000i\000l\000a\000r\000i\000t\000y}{subsubsection.2.2.2}% 98
\BOOKMARK [4][-]{subsubsubsection.2.2.2.41}{\376\377\000A\000f\000f\000i\000n\000e\000\040\000t\000r\000a\000f\000o}{subsubsection.2.2.2}% 99
\BOOKMARK [4][-]{subsubsubsection.2.2.2.42}{\376\377\000M\000o\000e\000b\000i\000u\000s\000\040\000T\000r\000a\000f\000o}{subsubsection.2.2.2}% 100
\BOOKMARK [4][-]{subsubsubsection.2.2.2.43}{\376\377\000M\000a\000p\000\040\000P\000o\000i\000n\000t\000\040\000b\000y\000\040\000M\000o\000e\000b\000i\000u\000s\000\040\000T\000r\000a\000f\000o}{subsubsection.2.2.2}% 101
\BOOKMARK [4][-]{subsubsubsection.2.2.2.44}{\376\377\000M\000a\000p\000\040\000L\000i\000n\000e\000\040\000b\000y\000\040\000M\000o\000e\000b\000i\000u\000s\000\040\000T\000r\000a\000f\000o}{subsubsection.2.2.2}% 102
\BOOKMARK [4][-]{subsubsubsection.2.2.2.45}{\376\377\000M\000a\000p\000\040\000C\000o\000n\000i\000c\000\040\000b\000y\000\040\000M\000o\000e\000b\000i\000u\000s\000\040\000T\000r\000a\000f\000o}{subsubsection.2.2.2}% 103
